[0m[[0m[0mdebug[0m] [0m[0m> Exec(early(addDefaultCommands), None, None)[0m[0J
[0m[[0m[0mdebug[0m] [0m[0m> Exec(addDefaultCommands, None, None)[0m[0J
[0m[[0m[0mdebug[0m] [0m[0m> Exec(early(initialize), None, None)[0m[0J
[0m[[0m[0mdebug[0m] [0m[0m> Exec(initialize, None, None)[0m[0J
[0m[[0m[0mdebug[0m] [0m[0m> Exec(boot, None, None)[0m[0J
[0m[[0m[0mdebug[0m] [0m[0m> Exec(writeSbtVersion, None, None)[0m[0J
[0m[[0m[0mdebug[0m] [0m[0m> Exec(reload, None, None)[0m[0J
[0m[[0m[0mdebug[0m] [0m[0m> Exec(sbtStashOnFailure, None, None)[0m[0J
[0m[[0m[0mdebug[0m] [0m[0m> Exec(onFailure loadFailed, None, None)[0m[0J
[0m[[0m[0mdebug[0m] [0m[0m> Exec(loadp, None, None)[0m[0J
[0m[[0m[0minfo[0m] [0m[0mwelcome to sbt 1.4.1 (Ubuntu Java 11.0.9)[0m[0J
[0m[[0m[0mdebug[0m] [0m[0mLoad.defaultLoad until apply took 326.952852ms[0m[0J
[0m[[0m[0mdebug[0m] [0m[0m          Load.loadUnit: plugins took 86.597356ms[0m[0J
[0m[[0m[0mdebug[0m] [0m[0m          Load.loadUnit: defsScala took 0.281598ms[0m[0J
[0m[[0m[0mdebug[0m] [0m[0m[Loading] Scanning directory /home/danilas/Documents/Schoolwork/NTNU/ProgLang/ProgLang-Scala-project/project_tasks/project[0m[0J
[0m[[0m[0mdebug[0m] [0m[0m[Loading] Found non-root projects [0m[0J
[0m[[0m[0mdebug[0m] [0m[0m[Loading] Done in /home/danilas/Documents/Schoolwork/NTNU/ProgLang/ProgLang-Scala-project/project_tasks/project, returning: ()[0m[0J
[0m[[0m[0mdebug[0m] [0m[0mdeducing auto plugins based on known facts Set(Atom(sbt.plugins.CorePlugin)) and clauses Clauses(List(Clause(Atom(sbt.plugins.JvmPlugin),Set(Atom(sbt.plugins.IvyPlugin))), Clause(Atom(sbt.ScriptedPlugin),Set(Atom(sbt.plugins.JvmPlugin))), Clause(Atom(sbt.plugins.SbtPlugin),Set(Atom(sbt.ScriptedPlugin))), Clause(Atom(sbt.plugins.SemanticdbPlugin),Set(Atom(sbt.plugins.JvmPlugin))), Clause(Atom(sbt.plugins.JUnitXmlReportPlugin),Set(Atom(sbt.plugins.JvmPlugin))), Clause(Atom(sbt.plugins.MiniDependencyTreePlugin),Set(Atom(sbt.plugins.JvmPlugin))), Clause(Atom(sbt.plugins.CorePlugin),Set(Atom(sbt.plugins.IvyPlugin))), Clause(Atom(sbt.plugins.IvyPlugin),Set(Atom(sbt.plugins.JvmPlugin))), Clause(Atom(sbt.plugins.JvmPlugin),Set(Atom(sbt.plugins.SemanticdbPlugin))), Clause(Atom(sbt.plugins.JvmPlugin),Set(Atom(sbt.plugins.JUnitXmlReportPlugin))), Clause(Atom(sbt.plugins.CorePlugin),Set(Atom(sbt.plugins.Giter8TemplatePlugin))), Clause(Atom(sbt.plugins.JvmPlugin),Set(Atom(sbt.plugins.MiniDependencyTreePlugin)))))[0m[0J
[0m[[0m[0mdebug[0m] [0m[0m  :: deduced result: Matched(sbt.plugins.CorePlugin,sbt.plugins.Giter8TemplatePlugin,sbt.plugins.IvyPlugin,sbt.plugins.JvmPlugin,sbt.plugins.MiniDependencyTreePlugin,sbt.plugins.JUnitXmlReportPlugin,sbt.plugins.SemanticdbPlugin)[0m[0J
[0m[[0m[0mdebug[0m] [0m[0mPlugins.deducer#function took 24.329213 ms[0m[0J
[0m[[0m[0mdebug[0m] [0m[0m              Load.resolveProject(project_tasks-build) took 51.319645ms[0m[0J
[0m[[0m[0mdebug[0m] [0m[0m            Load.loadTransitive: finalizeProject(Project(id project_tasks-build, base: /home/danilas/Documents/Schoolwork/NTNU/ProgLang/ProgLang-Scala-project/project_tasks/project, plugins: List(<none>))) took 101.126135ms[0m[0J
[0m[[0m[0mdebug[0m] [0m[0m[Loading] Done in /home/danilas/Documents/Schoolwork/NTNU/ProgLang/ProgLang-Scala-project/project_tasks/project, returning: (project_tasks-build)[0m[0J
[0m[[0m[0mdebug[0m] [0m[0m          Load.loadUnit: loadedProjectsRaw took 122.146288ms[0m[0J
[0m[[0m[0mdebug[0m] [0m[0m          Load.loadUnit: cleanEvalClasses took 0.310972ms[0m[0J
[0m[[0m[0mdebug[0m] [0m[0m        Load.loadUnit(file:/home/danilas/Documents/Schoolwork/NTNU/ProgLang/ProgLang-Scala-project/project_tasks/project/, ...) took 214.473786ms[0m[0J
[0m[[0m[0mdebug[0m] [0m[0m      Load.apply: load took 442.711756ms[0m[0J
[0m[[0m[0mdebug[0m] [0m[0m      Load.apply: resolveProjects took 7.404243ms[0m[0J
[0m[[0m[0mdebug[0m] [0m[0m      Load.apply: finalTransforms took 70.285909ms[0m[0J
[0m[[0m[0mdebug[0m] [0m[0m      Load.apply: config.delegates took 6.452449ms[0m[0J
[0m[[0m[0mdebug[0m] [0m[0m      Load.apply: Def.make(settings)... took 397.586943ms[0m[0J
[0m[[0m[0mdebug[0m] [0m[0m      Load.apply: structureIndex took 83.435525ms[0m[0J
[0m[[0m[0mdebug[0m] [0m[0m      Load.apply: mkStreams took 1.400157ms[0m[0J
[0m[[0m[0minfo[0m] [0m[0mloading project definition from /home/danilas/Documents/Schoolwork/NTNU/ProgLang/ProgLang-Scala-project/project_tasks/project[0m[0J
[0m[[0m[0mdebug[0m] [0m[0mRunning task... Cancel: Signal, check cycles: false, forcegc: true[0m[0J
[0m[[0m[0mdebug[0m] [0m[0m    Load.loadUnit: plugins took 2282.838148ms[0m[0J
[0m[[0m[0mdebug[0m] [0m[0m    Load.loadUnit: defsScala took 0.006142ms[0m[0J
[0m[[0m[0mdebug[0m] [0m[0m[Loading] Scanning directory /home/danilas/Documents/Schoolwork/NTNU/ProgLang/ProgLang-Scala-project/project_tasks[0m[0J
[0m[[0m[0mdebug[0m] [0m[0m      Load.loadUnit: mkEval took 5.606398ms[0m[0J
[0m[[0m[0mdebug[0m] [0m[0m[Loading] Found non-root projects [0m[0J
[0m[[0m[0mdebug[0m] [0m[0m[Loading] Done in /home/danilas/Documents/Schoolwork/NTNU/ProgLang/ProgLang-Scala-project/project_tasks, returning: ()[0m[0J
[0m[[0m[0mdebug[0m] [0m[0mdeducing auto plugins based on known facts Set(Atom(sbt.plugins.CorePlugin)) and clauses Clauses(List(Clause(Atom(sbt.plugins.JvmPlugin),Set(Atom(sbt.plugins.IvyPlugin))), Clause(Atom(sbt.ScriptedPlugin),Set(Atom(sbt.plugins.JvmPlugin))), Clause(Atom(sbt.plugins.SbtPlugin),Set(Atom(sbt.ScriptedPlugin))), Clause(Atom(sbt.plugins.SemanticdbPlugin),Set(Atom(sbt.plugins.JvmPlugin))), Clause(Atom(sbt.plugins.JUnitXmlReportPlugin),Set(Atom(sbt.plugins.JvmPlugin))), Clause(Atom(sbt.plugins.MiniDependencyTreePlugin),Set(Atom(sbt.plugins.JvmPlugin))), Clause(Atom(sbt.plugins.CorePlugin),Set(Atom(sbt.plugins.IvyPlugin))), Clause(Atom(sbt.plugins.IvyPlugin),Set(Atom(sbt.plugins.JvmPlugin))), Clause(Atom(sbt.plugins.JvmPlugin),Set(Atom(sbt.plugins.SemanticdbPlugin))), Clause(Atom(sbt.plugins.JvmPlugin),Set(Atom(sbt.plugins.JUnitXmlReportPlugin))), Clause(Atom(sbt.plugins.CorePlugin),Set(Atom(sbt.plugins.Giter8TemplatePlugin))), Clause(Atom(sbt.plugins.JvmPlugin),Set(Atom(sbt.plugins.MiniDependencyTreePlugin)))))[0m[0J
[0m[[0m[0mdebug[0m] [0m[0m  :: deduced result: Matched(sbt.plugins.CorePlugin,sbt.plugins.Giter8TemplatePlugin,sbt.plugins.IvyPlugin,sbt.plugins.JvmPlugin,sbt.plugins.MiniDependencyTreePlugin,sbt.plugins.JUnitXmlReportPlugin,sbt.plugins.SemanticdbPlugin)[0m[0J
[0m[[0m[0mdebug[0m] [0m[0mPlugins.deducer#function took 1.919695 ms[0m[0J
[0m[[0m[0minfo[0m] [0m[0mloading settings for project project_tasks from build.sbt ...[0m[0J
[0m[[0m[0mdebug[0m] [0m[0m        Load.resolveProject(project_tasks) took 5.769134ms[0m[0J
[0m[[0m[0mdebug[0m] [0m[0m      Load.loadTransitive: finalizeProject(Project(id project_tasks, base: /home/danilas/Documents/Schoolwork/NTNU/ProgLang/ProgLang-Scala-project/project_tasks, plugins: List(<none>))) took 8.152385ms[0m[0J
[0m[[0m[0mdebug[0m] [0m[0m[Loading] Done in /home/danilas/Documents/Schoolwork/NTNU/ProgLang/ProgLang-Scala-project/project_tasks, returning: (project_tasks)[0m[0J
[0m[[0m[0mdebug[0m] [0m[0m    Load.loadUnit: loadedProjectsRaw took 173.018709ms[0m[0J
[0m[[0m[0mdebug[0m] [0m[0m    Load.loadUnit: cleanEvalClasses took 3.860733ms[0m[0J
[0m[[0m[0mdebug[0m] [0m[0m  Load.loadUnit(file:/home/danilas/Documents/Schoolwork/NTNU/ProgLang/ProgLang-Scala-project/project_tasks/, ...) took 2461.082039ms[0m[0J
[0m[[0m[0mdebug[0m] [0m[0mLoad.apply: load took 2484.257284ms[0m[0J
[0m[[0m[0mdebug[0m] [0m[0mLoad.apply: resolveProjects took 0.271656ms[0m[0J
[0m[[0m[0mdebug[0m] [0m[0mLoad.apply: finalTransforms took 14.002969ms[0m[0J
[0m[[0m[0mdebug[0m] [0m[0mLoad.apply: config.delegates took 0.428812ms[0m[0J
[0m[[0m[0mdebug[0m] [0m[0mLoad.apply: Def.make(settings)... took 138.48304ms[0m[0J
[0m[[0m[0mdebug[0m] [0m[0mLoad.apply: structureIndex took 32.070784ms[0m[0J
[0m[[0m[0mdebug[0m] [0m[0mLoad.apply: mkStreams took 0.002878ms[0m[0J
[0m[[0m[0minfo[0m] [0m[0mset current project to project_tasks (in build file:/home/danilas/Documents/Schoolwork/NTNU/ProgLang/ProgLang-Scala-project/project_tasks/)[0m[0J
[0m[[0m[0mdebug[0m] [0m[0m> Exec(sbtPopOnFailure, None, None)[0m[0J
[0m[[0m[0mdebug[0m] [0m[0m> Exec(resumeFromFailure, None, None)[0m[0J
[0m[[0m[0mdebug[0m] [0m[0m> Exec(notifyUsersAboutShell, None, None)[0m[0J
[0m[[0m[0mdebug[0m] [0m[0m> Exec(iflast shell, None, None)[0m[0J
[0m[[0m[0mdebug[0m] [0m[0m> Exec(run, None, None)[0m[0J
[0m[[0m[0mdebug[0m] [0m[0mEvaluating tasks: Compile / run[0m[0J
[0m[[0m[0mdebug[0m] [0m[0mRunning task... Cancel: Signal, check cycles: false, forcegc: true[0m[0J
[0m[[0m[0minfo[0m] [0m[0mcompiling 1 Scala source to /home/danilas/Documents/Schoolwork/NTNU/ProgLang/ProgLang-Scala-project/project_tasks/target/scala-2.12/classes ...[0m[0J
[0m[[0m[32msuccess[0m] [0m[0mTotal time: 6 s, completed Nov 9, 2020, 2:59:45 PM[0m[0J
[0m[[0m[0mdebug[0m] [0m[0m> Exec(test, None, None)[0m[0J
[0m[[0m[0mdebug[0m] [0m[0mEvaluating tasks: Test / test[0m[0J
[0m[[0m[0mdebug[0m] [0m[0mRunning task... Cancel: Signal, check cycles: false, forcegc: true[0m[0J
[0m[[0m[0minfo[0m] [0m[0m[32mAccountTests:[0m[0m[0J
[0m[[0m[0minfo[0m] [0m[0m[32m- Test 01: Valid account withdrawal[0m[0m[0J
[0m[[0m[0minfo[0m] [0m[0m[32m- Test 02: Invalid account withdrawal should throw exception[0m[0m[0J
[0m[[0m[0minfo[0m] [0m[0m[32m- Test 03: Withdrawal of negative amount should throw exception[0m[0m[0J
[0m[[0m[0minfo[0m] [0m[0m[32m- Test 04: Valid account deposit[0m[0m[0J
[0m[[0m[0minfo[0m] [0m[0m[32m- Test 05: Deposit of negative amount should throw exception[0m[0m[0J
[0m[[0m[0minfo[0m] [0m[0m[32m- Test 06: Correct balance amount after several withdrawals and deposits[0m[0m[0J
[0m[[0m[33mwarn[0m] [0m[0m5.255 seconds of the last 10 seconds were spent in garbage collection. You may want to increase the project heap size using `-Xmx` or try a different gc algorithm, e.g. `-XX:+UseG1GC`, for better performance.[0m[0J
[0m[[0m[33mwarn[0m] [0m[0m10.745 seconds of the last 10 seconds were spent in garbage collection. You may want to increase the project heap size using `-Xmx` or try a different gc algorithm, e.g. `-XX:+UseG1GC`, for better performance.[0m[0J
