[0m[[0m[0mdebug[0m] [0m[0m> Exec(early(addDefaultCommands), None, None)[0m[0J
[0m[[0m[0mdebug[0m] [0m[0m> Exec(addDefaultCommands, None, None)[0m[0J
[0m[[0m[0mdebug[0m] [0m[0m> Exec(early(initialize), None, None)[0m[0J
[0m[[0m[0mdebug[0m] [0m[0m> Exec(initialize, None, None)[0m[0J
[0m[[0m[0mdebug[0m] [0m[0m> Exec(boot, None, None)[0m[0J
[0m[[0m[0mdebug[0m] [0m[0m> Exec(writeSbtVersion, None, None)[0m[0J
[0m[[0m[0mdebug[0m] [0m[0m> Exec(reload, None, None)[0m[0J
[0m[[0m[0mdebug[0m] [0m[0m> Exec(sbtStashOnFailure, None, None)[0m[0J
[0m[[0m[0mdebug[0m] [0m[0m> Exec(onFailure loadFailed, None, None)[0m[0J
[0m[[0m[0mdebug[0m] [0m[0m> Exec(loadp, None, None)[0m[0J
[0m[[0m[0minfo[0m] [0m[0mwelcome to sbt 1.4.1 (Ubuntu Java 11.0.9)[0m[0J
[0m[[0m[0mdebug[0m] [0m[0mLoad.defaultLoad until apply took 634.60068ms[0m[0J
[0m[[0m[0mdebug[0m] [0m[0m          Load.loadUnit: plugins took 44.355851ms[0m[0J
[0m[[0m[0mdebug[0m] [0m[0m          Load.loadUnit: defsScala took 0.210521ms[0m[0J
[0m[[0m[0mdebug[0m] [0m[0m[Loading] Scanning directory /home/danilas/Documents/Schoolwork/NTNU/ProgLang/ProgLang-Scala-project/project_tasks/project[0m[0J
[0m[[0m[0mdebug[0m] [0m[0m[Loading] Found non-root projects [0m[0J
[0m[[0m[0mdebug[0m] [0m[0m[Loading] Done in /home/danilas/Documents/Schoolwork/NTNU/ProgLang/ProgLang-Scala-project/project_tasks/project, returning: ()[0m[0J
[0m[[0m[0mdebug[0m] [0m[0mdeducing auto plugins based on known facts Set(Atom(sbt.plugins.CorePlugin)) and clauses Clauses(List(Clause(Atom(sbt.plugins.JvmPlugin),Set(Atom(sbt.plugins.IvyPlugin))), Clause(Atom(sbt.ScriptedPlugin),Set(Atom(sbt.plugins.JvmPlugin))), Clause(Atom(sbt.plugins.SbtPlugin),Set(Atom(sbt.ScriptedPlugin))), Clause(Atom(sbt.plugins.SemanticdbPlugin),Set(Atom(sbt.plugins.JvmPlugin))), Clause(Atom(sbt.plugins.JUnitXmlReportPlugin),Set(Atom(sbt.plugins.JvmPlugin))), Clause(Atom(sbt.plugins.MiniDependencyTreePlugin),Set(Atom(sbt.plugins.JvmPlugin))), Clause(Atom(sbt.plugins.CorePlugin),Set(Atom(sbt.plugins.IvyPlugin))), Clause(Atom(sbt.plugins.IvyPlugin),Set(Atom(sbt.plugins.JvmPlugin))), Clause(Atom(sbt.plugins.JvmPlugin),Set(Atom(sbt.plugins.SemanticdbPlugin))), Clause(Atom(sbt.plugins.JvmPlugin),Set(Atom(sbt.plugins.JUnitXmlReportPlugin))), Clause(Atom(sbt.plugins.CorePlugin),Set(Atom(sbt.plugins.Giter8TemplatePlugin))), Clause(Atom(sbt.plugins.JvmPlugin),Set(Atom(sbt.plugins.MiniDependencyTreePlugin)))))[0m[0J
[0m[[0m[0mdebug[0m] [0m[0m  :: deduced result: Matched(sbt.plugins.CorePlugin,sbt.plugins.Giter8TemplatePlugin,sbt.plugins.IvyPlugin,sbt.plugins.JvmPlugin,sbt.plugins.MiniDependencyTreePlugin,sbt.plugins.JUnitXmlReportPlugin,sbt.plugins.SemanticdbPlugin)[0m[0J
[0m[[0m[0mdebug[0m] [0m[0mPlugins.deducer#function took 13.510814 ms[0m[0J
[0m[[0m[0mdebug[0m] [0m[0m              Load.resolveProject(project_tasks-build) took 30.941865ms[0m[0J
[0m[[0m[0mdebug[0m] [0m[0m            Load.loadTransitive: finalizeProject(Project(id project_tasks-build, base: /home/danilas/Documents/Schoolwork/NTNU/ProgLang/ProgLang-Scala-project/project_tasks/project, plugins: List(<none>))) took 62.694639ms[0m[0J
[0m[[0m[0mdebug[0m] [0m[0m[Loading] Done in /home/danilas/Documents/Schoolwork/NTNU/ProgLang/ProgLang-Scala-project/project_tasks/project, returning: (project_tasks-build)[0m[0J
[0m[[0m[0mdebug[0m] [0m[0m          Load.loadUnit: loadedProjectsRaw took 75.380621ms[0m[0J
[0m[[0m[0mdebug[0m] [0m[0m          Load.loadUnit: cleanEvalClasses took 0.160043ms[0m[0J
[0m[[0m[0mdebug[0m] [0m[0m        Load.loadUnit(file:/home/danilas/Documents/Schoolwork/NTNU/ProgLang/ProgLang-Scala-project/project_tasks/project/, ...) took 123.532268ms[0m[0J
[0m[[0m[0mdebug[0m] [0m[0m      Load.apply: load took 270.246817ms[0m[0J
[0m[[0m[0mdebug[0m] [0m[0m      Load.apply: resolveProjects took 4.874878ms[0m[0J
[0m[[0m[0mdebug[0m] [0m[0m      Load.apply: finalTransforms took 42.943348ms[0m[0J
[0m[[0m[0mdebug[0m] [0m[0m      Load.apply: config.delegates took 4.943649ms[0m[0J
[0m[[0m[0mdebug[0m] [0m[0m      Load.apply: Def.make(settings)... took 294.618653ms[0m[0J
[0m[[0m[0mdebug[0m] [0m[0m      Load.apply: structureIndex took 64.060215ms[0m[0J
[0m[[0m[0mdebug[0m] [0m[0m      Load.apply: mkStreams took 1.150267ms[0m[0J
[0m[[0m[0minfo[0m] [0m[0mloading project definition from /home/danilas/Documents/Schoolwork/NTNU/ProgLang/ProgLang-Scala-project/project_tasks/project[0m[0J
[0m[[0m[0mdebug[0m] [0m[0mRunning task... Cancel: Signal, check cycles: false, forcegc: true[0m[0J
[0m[[0m[0mdebug[0m] [0m[0m    Load.loadUnit: plugins took 2034.357098ms[0m[0J
[0m[[0m[0mdebug[0m] [0m[0m    Load.loadUnit: defsScala took 0.002741ms[0m[0J
[0m[[0m[0mdebug[0m] [0m[0m[Loading] Scanning directory /home/danilas/Documents/Schoolwork/NTNU/ProgLang/ProgLang-Scala-project/project_tasks[0m[0J
[0m[[0m[0mdebug[0m] [0m[0m      Load.loadUnit: mkEval took 4.253547ms[0m[0J
[0m[[0m[0mdebug[0m] [0m[0m[Loading] Found non-root projects [0m[0J
[0m[[0m[0mdebug[0m] [0m[0m[Loading] Done in /home/danilas/Documents/Schoolwork/NTNU/ProgLang/ProgLang-Scala-project/project_tasks, returning: ()[0m[0J
[0m[[0m[0mdebug[0m] [0m[0mdeducing auto plugins based on known facts Set(Atom(sbt.plugins.CorePlugin)) and clauses Clauses(List(Clause(Atom(sbt.plugins.JvmPlugin),Set(Atom(sbt.plugins.IvyPlugin))), Clause(Atom(sbt.ScriptedPlugin),Set(Atom(sbt.plugins.JvmPlugin))), Clause(Atom(sbt.plugins.SbtPlugin),Set(Atom(sbt.ScriptedPlugin))), Clause(Atom(sbt.plugins.SemanticdbPlugin),Set(Atom(sbt.plugins.JvmPlugin))), Clause(Atom(sbt.plugins.JUnitXmlReportPlugin),Set(Atom(sbt.plugins.JvmPlugin))), Clause(Atom(sbt.plugins.MiniDependencyTreePlugin),Set(Atom(sbt.plugins.JvmPlugin))), Clause(Atom(sbt.plugins.CorePlugin),Set(Atom(sbt.plugins.IvyPlugin))), Clause(Atom(sbt.plugins.IvyPlugin),Set(Atom(sbt.plugins.JvmPlugin))), Clause(Atom(sbt.plugins.JvmPlugin),Set(Atom(sbt.plugins.SemanticdbPlugin))), Clause(Atom(sbt.plugins.JvmPlugin),Set(Atom(sbt.plugins.JUnitXmlReportPlugin))), Clause(Atom(sbt.plugins.CorePlugin),Set(Atom(sbt.plugins.Giter8TemplatePlugin))), Clause(Atom(sbt.plugins.JvmPlugin),Set(Atom(sbt.plugins.MiniDependencyTreePlugin)))))[0m[0J
[0m[[0m[0mdebug[0m] [0m[0m  :: deduced result: Matched(sbt.plugins.CorePlugin,sbt.plugins.Giter8TemplatePlugin,sbt.plugins.IvyPlugin,sbt.plugins.JvmPlugin,sbt.plugins.MiniDependencyTreePlugin,sbt.plugins.JUnitXmlReportPlugin,sbt.plugins.SemanticdbPlugin)[0m[0J
[0m[[0m[0mdebug[0m] [0m[0mPlugins.deducer#function took 1.130307 ms[0m[0J
[0m[[0m[0minfo[0m] [0m[0mloading settings for project project_tasks from build.sbt ...[0m[0J
[0m[[0m[0mdebug[0m] [0m[0m        Load.resolveProject(project_tasks) took 3.917304ms[0m[0J
[0m[[0m[0mdebug[0m] [0m[0m      Load.loadTransitive: finalizeProject(Project(id project_tasks, base: /home/danilas/Documents/Schoolwork/NTNU/ProgLang/ProgLang-Scala-project/project_tasks, plugins: List(<none>))) took 5.454624ms[0m[0J
[0m[[0m[0mdebug[0m] [0m[0m[Loading] Done in /home/danilas/Documents/Schoolwork/NTNU/ProgLang/ProgLang-Scala-project/project_tasks, returning: (project_tasks)[0m[0J
[0m[[0m[0mdebug[0m] [0m[0m    Load.loadUnit: loadedProjectsRaw took 1595.500974ms[0m[0J
[0m[[0m[0mdebug[0m] [0m[0m    Load.loadUnit: cleanEvalClasses took 2.524932ms[0m[0J
[0m[[0m[0mdebug[0m] [0m[0m  Load.loadUnit(file:/home/danilas/Documents/Schoolwork/NTNU/ProgLang/ProgLang-Scala-project/project_tasks/, ...) took 3633.221283ms[0m[0J
[0m[[0m[0mdebug[0m] [0m[0mLoad.apply: load took 3644.445681ms[0m[0J
[0m[[0m[0mdebug[0m] [0m[0mLoad.apply: resolveProjects took 0.075607ms[0m[0J
[0m[[0m[0mdebug[0m] [0m[0mLoad.apply: finalTransforms took 8.702236ms[0m[0J
[0m[[0m[0mdebug[0m] [0m[0mLoad.apply: config.delegates took 0.302404ms[0m[0J
[0m[[0m[0mdebug[0m] [0m[0mLoad.apply: Def.make(settings)... took 81.77715ms[0m[0J
[0m[[0m[0mdebug[0m] [0m[0mLoad.apply: structureIndex took 27.262799ms[0m[0J
[0m[[0m[0mdebug[0m] [0m[0mLoad.apply: mkStreams took 0.002859ms[0m[0J
[0m[[0m[0minfo[0m] [0m[0mset current project to project_tasks (in build file:/home/danilas/Documents/Schoolwork/NTNU/ProgLang/ProgLang-Scala-project/project_tasks/)[0m[0J
[0m[[0m[0mdebug[0m] [0m[0m> Exec(sbtPopOnFailure, None, None)[0m[0J
[0m[[0m[0mdebug[0m] [0m[0m> Exec(resumeFromFailure, None, None)[0m[0J
[0m[[0m[0mdebug[0m] [0m[0m> Exec(notifyUsersAboutShell, None, None)[0m[0J
[0m[[0m[0mdebug[0m] [0m[0m> Exec(iflast shell, None, None)[0m[0J
[0m[[0m[0mdebug[0m] [0m[0m> Exec(run, None, None)[0m[0J
[0m[[0m[0mdebug[0m] [0m[0mEvaluating tasks: Compile / run[0m[0J
[0m[[0m[0mdebug[0m] [0m[0mRunning task... Cancel: Signal, check cycles: false, forcegc: true[0m[0J
[0m[[0m[32msuccess[0m] [0m[0mTotal time: 1 s, completed Nov 9, 2020, 3:27:01 PM[0m[0J
[0m[[0m[0mdebug[0m] [0m[0m> Exec(test, None, None)[0m[0J
[0m[[0m[0mdebug[0m] [0m[0mEvaluating tasks: Test / test[0m[0J
[0m[[0m[0mdebug[0m] [0m[0mRunning task... Cancel: Signal, check cycles: false, forcegc: true[0m[0J
[0m[[0m[33mwarn[0m] [0m[0m11.894 seconds of the last 10 seconds were spent in garbage collection. You may want to increase the project heap size using `-Xmx` or try a different gc algorithm, e.g. `-XX:+UseG1GC`, for better performance.[0m[0J
[0m[[0m[0minfo[0m] [0m[0m[32mAccountTests:[0m[0m[0J
[0m[[0m[0minfo[0m] [0m[0m[32m- Test 01: Valid account withdrawal[0m[0m[0J
[0m[[0m[0minfo[0m] [0m[0m[32m- Test 02: Invalid account withdrawal should throw exception[0m[0m[0J
[0m[[0m[0minfo[0m] [0m[0m[32m- Test 03: Withdrawal of negative amount should throw exception[0m[0m[0J
[0m[[0m[0minfo[0m] [0m[0m[32m- Test 04: Valid account deposit[0m[0m[0J
[0m[[0m[0minfo[0m] [0m[0m[32m- Test 05: Deposit of negative amount should throw exception[0m[0m[0J
[0m[[0m[0minfo[0m] [0m[0m[32m- Test 06: Correct balance amount after several withdrawals and deposits[0m[0m[0J
[0m[[0m[33mwarn[0m] [0m[0m15.084 seconds of the last 10 seconds were spent in garbage collection. You may want to increase the project heap size using `-Xmx` or try a different gc algorithm, e.g. `-XX:+UseG1GC`, for better performance.[0m[0J
[0m[[0m[33mwarn[0m] [0m[0m61.166 seconds of the last 10 seconds were spent in garbage collection. You may want to increase the project heap size using `-Xmx` or try a different gc algorithm, e.g. `-XX:+UseG1GC`, for better performance.[0m[0J
[0m[[0m[0minfo[0m] [0m[0m[32mAccountTransferTests:[0m[0m[0J
[0m[[0m[0minfo[0m] [0m[0m[31mAccountTransferTests *** ABORTED ***[0m[0m[0J
[0m[[0m[0minfo[0m] [0m[0m[31m  java.lang.OutOfMemoryError: Java heap space[0m[0m[0J
[0m[[0m[0minfo[0m] [0m[0m[31m  ...[0m[0m[0J
